<?xml version="1.0" encoding="UTF-8"?>
<testsuites name="TLP-order" time="4.799" tests="1" failures="0" errors="0">
   <testsuite name="TLP-order" tests="1" failures="0" errors="0" time="4.799" skipped="0" timestamp="2022-06-15 15:26:35" hostname="flavalize - localhost" id="Test Suites/TLP-order">
      <properties>
         <property name="deviceName" value=""/>
         <property name="devicePlatform" value=""/>
         <property name="logFolder" value="/Volumes/Data/app-testing/app-project/other-ins/Reports/20220615_152623/TLP-order/20220615_152624"/>
         <property name="logFiles" value="/Volumes/Data/app-testing/app-project/other-ins/Reports/20220615_152623/TLP-order/20220615_152624/execution0.log"/>
         <property name="attachments" value=""/>
         <property name="hostName" value="flavalize - localhost"/>
         <property name="hostAddress" value="127.0.0.1"/>
         <property name="os" value="Mac OS X 64bit"/>
         <property name="katalonVersion" value="8.3.0.208"/>
      </properties>
      <testcase name="Test Cases/TLP/1. other-ins_order TLP" time="4.631" classname="Test Cases/TLP/1. other-ins_order TLP" status="PASSED">
         <system-out><![CDATA[2022-06-15 15:26:35 - [TEST_CASE][PASSED] - Test Cases/TLP/1. other-ins_order TLP: Test Cases/TLP/1. other-ins_order TLP

2022-06-15 15:26:35 - [TEST_STEP][PASSED] - token = sendRequest(findTestObject("TLP/get_credential TLP")): Send request successfully

2022-06-15 15:26:36 - [MESSAGE][INFO] - HAR: /Volumes/Data/app-testing/app-project/other-ins/Reports/20220615_152623/TLP-order/20220615_152624/requests/main/0.har

2022-06-15 15:26:36 - [MESSAGE][PASSED] - Send request successfully

2022-06-15 15:26:36 - [TEST_STEP][PASSED] - slurper = new groovy.json.JsonSlurper(): null

2022-06-15 15:26:36 - [TEST_STEP][PASSED] - get_token = slurper.parseText(token.getResponseBodyContent()): null

2022-06-15 15:26:36 - [TEST_STEP][PASSED] - private_token = access_token: null

2022-06-15 15:26:36 - [TEST_STEP][PASSED] - g_token = private_token: null

2022-06-15 15:26:36 - [TEST_STEP][PASSED] - println("token is :" + g_token): null

2022-06-15 15:26:36 - [TEST_STEP][PASSED] - response_token = token.getResponseText(): null

2022-06-15 15:26:36 - [TEST_STEP][PASSED] - logInfo($response_token): 
            {
                "token_type": "BearerToken",
                "access_token": "AvVX6IKjvwHTZ3YHtOL6sRLBJguA",
                "expires_in": "1799",
                "scope": ""
            }
        

2022-06-15 15:26:36 - [MESSAGE][INFO] - 
            {
                "token_type": "BearerToken",
                "access_token": "AvVX6IKjvwHTZ3YHtOL6sRLBJguA",
                "expires_in": "1799",
                "scope": ""
            }
        

2022-06-15 15:26:36 - [TEST_STEP][PASSED] - order = sendRequest(findTestObject("TLP/OtherInsOrderTLP", ["token":private_token, "id":id, "maskapai_id":maskapai_id, "source":source, "orderdate":orderdate])): Send request successfully

2022-06-15 15:26:39 - [MESSAGE][INFO] - HAR: /Volumes/Data/app-testing/app-project/other-ins/Reports/20220615_152623/TLP-order/20220615_152624/requests/main/1.har

2022-06-15 15:26:40 - [MESSAGE][PASSED] - Send request successfully

2022-06-15 15:26:40 - [TEST_STEP][PASSED] - get_order = order.getResponseText(): null

2022-06-15 15:26:40 - [TEST_STEP][PASSED] - logInfo($get_order): {
  "GetOrderAsuransiTLCResponse" : {
    "CurrentPage" : "1",
    "TotalPage" : "3",
    "TotalData" : "8",
    "ListOrderAsuransiTLC" : [ {
      "Norek" : "1072702990",
      "Nopin" : "001",
      "CustName" : "CHRISTA CUI",
      "CustAddr" : "xxxxxxxxxxxx",
      "CustKel" : "xxxxxx",
      "CustKec" : "xxx",
      "CustKab" : "xxxxxxx",
      "CustProp" : "xxxx",
      "PostalCode" : "1234",
      "JenisKelamin" : "F",
      "IdKTP" : "xxxxxxxxx",
      "BirthDate" : "1954-01-28T00:00:00.000+07:30",
      "StartPolisDate" : "2022-04-24T00:00:00.000+07:00",
      "EndPolisDate" : "2026-04-24T00:00:00.000+07:00",
      "NoReferensi" : "1072702990001",
      "ModelKendaraan" : "BISON",
      "NoRangka" : "xxxxx",
      "NoMesin" : "xxxxx",
      "TahunKendaraan" : "2022",
      "NoPolisi" : "",
      "OTR" : "1500000000.0000",
      "PersentasePergantian" : "20.0000",
      "CompanyRate" : "0.2800",
      "MaskapaiID" : "TLP"
    }, {
      "Norek" : "1151005418",
      "Nopin" : "001",
      "CustName" : "JUJU IS",
      "CustAddr" : "XXXXXXXXXXXXXXX",
      "CustKel" : "XXXXXXX",
      "CustKec" : "XX",
      "CustKab" : "XXXXXXXX",
      "CustProp" : "XXXXXX",
      "PostalCode" : "2345",
      "JenisKelamin" : "F",
      "IdKTP" : "XXXXXXXXXX",
      "BirthDate" : "1969-02-14T00:00:00.000+07:00",
      "StartPolisDate" : "2022-04-24T00:00:00.000+07:00",
      "EndPolisDate" : "2028-04-24T00:00:00.000+07:00",
      "NoReferensi" : "1151005418001",
      "ModelKendaraan" : "ALL NEW HILUX",
      "NoRangka" : "xxxx",
      "NoMesin" : "xxxxxx",
      "TahunKendaraan" : "2021",
      "NoPolisi" : "",
      "OTR" : "220000000.0000",
      "PersentasePergantian" : "20.0000",
      "CompanyRate" : "0.4200",
      "MaskapaiID" : "TLP"
    }, {
      "Norek" : "1220003391",
      "Nopin" : "001",
      "CustName" : "AIMI CANTIK",
      "CustAddr" : "xxxxxxxxx",
      "CustKel" : "xxxxxxxxxx",
      "CustKec" : "xxxxx",
      "CustKab" : "xxxxxxx",
      "CustProp" : "xxxxxxxxxx",
      "PostalCode" : "1234",
      "JenisKelamin" : "F",
      "IdKTP" : "xxxxxxx",
      "BirthDate" : "1959-01-21T00:00:00.000+07:30",
      "StartPolisDate" : "2022-04-24T00:00:00.000+07:00",
      "EndPolisDate" : "2026-04-24T00:00:00.000+07:00",
      "NoReferensi" : "1220003391001",
      "ModelKendaraan" : "CORTEZ",
      "NoRangka" : "xxxxx",
      "NoMesin" : "xxxxxx",
      "TahunKendaraan" : "2022",
      "NoPolisi" : "",
      "OTR" : "550000000.0000",
      "PersentasePergantian" : "20.0000",
      "CompanyRate" : "0.2800",
      "MaskapaiID" : "TLP"
    } ]
  }
}

2022-06-15 15:26:40 - [MESSAGE][INFO] - {
  "GetOrderAsuransiTLCResponse" : {
    "CurrentPage" : "1",
    "TotalPage" : "3",
    "TotalData" : "8",
    "ListOrderAsuransiTLC" : [ {
      "Norek" : "1072702990",
      "Nopin" : "001",
      "CustName" : "CHRISTA CUI",
      "CustAddr" : "xxxxxxxxxxxx",
      "CustKel" : "xxxxxx",
      "CustKec" : "xxx",
      "CustKab" : "xxxxxxx",
      "CustProp" : "xxxx",
      "PostalCode" : "1234",
      "JenisKelamin" : "F",
      "IdKTP" : "xxxxxxxxx",
      "BirthDate" : "1954-01-28T00:00:00.000+07:30",
      "StartPolisDate" : "2022-04-24T00:00:00.000+07:00",
      "EndPolisDate" : "2026-04-24T00:00:00.000+07:00",
      "NoReferensi" : "1072702990001",
      "ModelKendaraan" : "BISON",
      "NoRangka" : "xxxxx",
      "NoMesin" : "xxxxx",
      "TahunKendaraan" : "2022",
      "NoPolisi" : "",
      "OTR" : "1500000000.0000",
      "PersentasePergantian" : "20.0000",
      "CompanyRate" : "0.2800",
      "MaskapaiID" : "TLP"
    }, {
      "Norek" : "1151005418",
      "Nopin" : "001",
      "CustName" : "JUJU IS",
      "CustAddr" : "XXXXXXXXXXXXXXX",
      "CustKel" : "XXXXXXX",
      "CustKec" : "XX",
      "CustKab" : "XXXXXXXX",
      "CustProp" : "XXXXXX",
      "PostalCode" : "2345",
      "JenisKelamin" : "F",
      "IdKTP" : "XXXXXXXXXX",
      "BirthDate" : "1969-02-14T00:00:00.000+07:00",
      "StartPolisDate" : "2022-04-24T00:00:00.000+07:00",
      "EndPolisDate" : "2028-04-24T00:00:00.000+07:00",
      "NoReferensi" : "1151005418001",
      "ModelKendaraan" : "ALL NEW HILUX",
      "NoRangka" : "xxxx",
      "NoMesin" : "xxxxxx",
      "TahunKendaraan" : "2021",
      "NoPolisi" : "",
      "OTR" : "220000000.0000",
      "PersentasePergantian" : "20.0000",
      "CompanyRate" : "0.4200",
      "MaskapaiID" : "TLP"
    }, {
      "Norek" : "1220003391",
      "Nopin" : "001",
      "CustName" : "AIMI CANTIK",
      "CustAddr" : "xxxxxxxxx",
      "CustKel" : "xxxxxxxxxx",
      "CustKec" : "xxxxx",
      "CustKab" : "xxxxxxx",
      "CustProp" : "xxxxxxxxxx",
      "PostalCode" : "1234",
      "JenisKelamin" : "F",
      "IdKTP" : "xxxxxxx",
      "BirthDate" : "1959-01-21T00:00:00.000+07:30",
      "StartPolisDate" : "2022-04-24T00:00:00.000+07:00",
      "EndPolisDate" : "2026-04-24T00:00:00.000+07:00",
      "NoReferensi" : "1220003391001",
      "ModelKendaraan" : "CORTEZ",
      "NoRangka" : "xxxxx",
      "NoMesin" : "xxxxxx",
      "TahunKendaraan" : "2022",
      "NoPolisi" : "",
      "OTR" : "550000000.0000",
      "PersentasePergantian" : "20.0000",
      "CompanyRate" : "0.2800",
      "MaskapaiID" : "TLP"
    } ]
  }
}]]></system-out>
         <system-err><![CDATA[]]></system-err>
      </testcase>
      <system-out><![CDATA[2022-06-15 15:26:35 - [TEST_SUITE][PASSED] - TLP-order: Test Cases/TLP/1. other-ins_order TLP]]></system-out>
      <system-err><![CDATA[]]></system-err>
   </testsuite>
</testsuites>
