<?xml version="1.0" encoding="UTF-8"?>
<testsuites name="CFP-order" time="8.525" tests="2" failures="0" errors="0">
   <testsuite name="CFP-order" tests="2" failures="0" errors="0" time="8.525" skipped="0" timestamp="2022-07-14 14:31:57" hostname="User - DESKTOP-7I3I0GG.mshome.net" id="Test Suites/CFP-order">
      <properties>
         <property name="deviceName" value=""/>
         <property name="devicePlatform" value=""/>
         <property name="logFolder" value="C:\\Users\\User\\Katalon Studio\\other-ins\\Reports\\20220714_143142\\CFP-order\\20220714_143142"/>
         <property name="logFiles" value="C:\\Users\\User\\Katalon Studio\\other-ins\\Reports\\20220714_143142\\CFP-order\\20220714_143142\\execution0.log"/>
         <property name="attachments" value=""/>
         <property name="hostName" value="User - DESKTOP-7I3I0GG.mshome.net"/>
         <property name="hostAddress" value="192.168.137.217"/>
         <property name="os" value="Windows 10 64bit"/>
         <property name="katalonVersion" value="8.1.0.208"/>
      </properties>
      <testcase name="Test Cases/CFP/1. other-ins_order CFP" time="5.225" classname="Test Cases/CFP/1. other-ins_order CFP" status="PASSED">
         <system-out><![CDATA[2022-07-14 14:31:58 - [TEST_CASE][PASSED] - Test Cases/CFP/1. other-ins_order CFP: Test Cases/CFP/1. other-ins_order CFP

2022-07-14 14:31:58 - [TEST_STEP][PASSED] - token = sendRequest(findTestObject("CFP/credential CFP")): Send request successfully

2022-07-14 14:32:02 - [MESSAGE][INFO] - HAR: C:\Users\User\Katalon Studio\other-ins\Reports\20220714_143142\CFP-order\20220714_143142\requests\main\0.har

2022-07-14 14:32:02 - [MESSAGE][PASSED] - Send request successfully

2022-07-14 14:32:02 - [TEST_STEP][PASSED] - slurper = new groovy.json.JsonSlurper(): null

2022-07-14 14:32:02 - [TEST_STEP][PASSED] - get_token = slurper.parseText(token.getResponseBodyContent()): null

2022-07-14 14:32:02 - [TEST_STEP][PASSED] - private_token = access_token: null

2022-07-14 14:32:02 - [TEST_STEP][PASSED] - g_token = private_token: null

2022-07-14 14:32:02 - [TEST_STEP][PASSED] - println("token is :" + g_token): null

2022-07-14 14:32:02 - [TEST_STEP][PASSED] - response_token = token.getResponseText(): null

2022-07-14 14:32:02 - [TEST_STEP][PASSED] - logInfo($response_token): 
            {
                "token_type": "BearerToken",
                "access_token": "aALoKSOWyybmZU2ofRxCpyFHsG5W",
                "expires_in": "1799",
                "scope": ""
            }
        

2022-07-14 14:32:02 - [MESSAGE][INFO] - 
            {
                "token_type": "BearerToken",
                "access_token": "aALoKSOWyybmZU2ofRxCpyFHsG5W",
                "expires_in": "1799",
                "scope": ""
            }
        

2022-07-14 14:32:02 - [TEST_STEP][PASSED] - order = sendRequest(findTestObject("CFP/OrderCFP", ["token":private_token, "nokontrak":nokontrak, "custname":custname, "hpnumber":hpnumber, "nopol":nopol, "norangka":norangka, ... ])): Send request successfully

2022-07-14 14:32:03 - [MESSAGE][INFO] - HAR: C:\Users\User\Katalon Studio\other-ins\Reports\20220714_143142\CFP-order\20220714_143142\requests\main\1.har

2022-07-14 14:32:03 - [MESSAGE][PASSED] - Send request successfully

2022-07-14 14:32:03 - [TEST_STEP][PASSED] - get_order = order.getResponseText(): null

2022-07-14 14:32:03 - [TEST_STEP][PASSED] - verifyElementPropertyValue(order, "StatusCode", "00", CONTINUE_ON_FAILURE): Verify element property value successfully

2022-07-14 14:32:03 - [MESSAGE][PASSED] - Verify element property value successfully

2022-07-14 14:32:03 - [TEST_STEP][PASSED] - logInfo($get_order): {
  "StatusCode" : "00",
  "StatusMessage" : "Success"
}

2022-07-14 14:32:03 - [MESSAGE][INFO] - {
  "StatusCode" : "00",
  "StatusMessage" : "Success"
}]]></system-out>
         <system-err><![CDATA[]]></system-err>
      </testcase>
      <testcase name="Test Cases/CFP/1. other-ins_order CFP" time="1.327" classname="Test Cases/CFP/1. other-ins_order CFP" status="PASSED">
         <system-out><![CDATA[2022-07-14 14:32:03 - [TEST_CASE][PASSED] - Test Cases/CFP/1. other-ins_order CFP: Test Cases/CFP/1. other-ins_order CFP

2022-07-14 14:32:03 - [TEST_STEP][PASSED] - token = sendRequest(findTestObject("CFP/credential CFP")): Send request successfully

2022-07-14 14:32:04 - [MESSAGE][INFO] - HAR: C:\Users\User\Katalon Studio\other-ins\Reports\20220714_143142\CFP-order\20220714_143142\requests\main\2.har

2022-07-14 14:32:04 - [MESSAGE][PASSED] - Send request successfully

2022-07-14 14:32:04 - [TEST_STEP][PASSED] - slurper = new groovy.json.JsonSlurper(): null

2022-07-14 14:32:04 - [TEST_STEP][PASSED] - get_token = slurper.parseText(token.getResponseBodyContent()): null

2022-07-14 14:32:04 - [TEST_STEP][PASSED] - private_token = access_token: null

2022-07-14 14:32:04 - [TEST_STEP][PASSED] - g_token = private_token: null

2022-07-14 14:32:04 - [TEST_STEP][PASSED] - println("token is :" + g_token): null

2022-07-14 14:32:04 - [TEST_STEP][PASSED] - response_token = token.getResponseText(): null

2022-07-14 14:32:04 - [TEST_STEP][PASSED] - logInfo($response_token): 
            {
                "token_type": "BearerToken",
                "access_token": "GhhmvfPZVDbLcBu0WaQWf5AGBEyc",
                "expires_in": "1799",
                "scope": ""
            }
        

2022-07-14 14:32:04 - [MESSAGE][INFO] - 
            {
                "token_type": "BearerToken",
                "access_token": "GhhmvfPZVDbLcBu0WaQWf5AGBEyc",
                "expires_in": "1799",
                "scope": ""
            }
        

2022-07-14 14:32:04 - [TEST_STEP][PASSED] - order = sendRequest(findTestObject("CFP/OrderCFP", ["token":private_token, "nokontrak":nokontrak, "custname":custname, "hpnumber":hpnumber, "nopol":nopol, "norangka":norangka, ... ])): Send request successfully

2022-07-14 14:32:04 - [MESSAGE][INFO] - HAR: C:\Users\User\Katalon Studio\other-ins\Reports\20220714_143142\CFP-order\20220714_143142\requests\main\3.har

2022-07-14 14:32:04 - [MESSAGE][PASSED] - Send request successfully

2022-07-14 14:32:04 - [TEST_STEP][PASSED] - get_order = order.getResponseText(): null

2022-07-14 14:32:04 - [TEST_STEP][PASSED] - verifyElementPropertyValue(order, "StatusCode", "00", CONTINUE_ON_FAILURE): Verify element property value successfully

2022-07-14 14:32:04 - [MESSAGE][PASSED] - Verify element property value successfully

2022-07-14 14:32:04 - [TEST_STEP][PASSED] - logInfo($get_order): {
  "StatusCode" : "00",
  "StatusMessage" : "Success"
}

2022-07-14 14:32:04 - [MESSAGE][INFO] - {
  "StatusCode" : "00",
  "StatusMessage" : "Success"
}]]></system-out>
         <system-err><![CDATA[]]></system-err>
      </testcase>
      <system-out><![CDATA[2022-07-14 14:31:57 - [TEST_SUITE][PASSED] - CFP-order: Test Cases/CFP/1. other-ins_order CFP]]></system-out>
      <system-err><![CDATA[]]></system-err>
   </testsuite>
</testsuites>
