<?xml version="1.0" encoding="UTF-8"?>
<testsuites name="CPR-order" time="5.93" tests="1" failures="0" errors="0">
   <testsuite name="CPR-order" tests="1" failures="0" errors="0" time="5.93" skipped="0" timestamp="2022-07-19 10:18:15" hostname="User - DESKTOP-7I3I0GG" id="Test Suites/CPR-order">
      <properties>
         <property name="deviceName" value=""/>
         <property name="devicePlatform" value=""/>
         <property name="logFolder" value="C:\\Users\\User\\Katalon Studio\\other-ins\\Reports\\20220719_101803\\CPR-order\\20220719_101804"/>
         <property name="logFiles" value="C:\\Users\\User\\Katalon Studio\\other-ins\\Reports\\20220719_101803\\CPR-order\\20220719_101804\\execution0.log"/>
         <property name="attachments" value=""/>
         <property name="hostName" value="User - DESKTOP-7I3I0GG"/>
         <property name="hostAddress" value="192.168.250.7"/>
         <property name="os" value="Windows 10 64bit"/>
         <property name="katalonVersion" value="8.1.0.208"/>
      </properties>
      <testcase name="Test Cases/CPR/1. other-ins_order CPR" time="4.26" classname="Test Cases/CPR/1. other-ins_order CPR" status="PASSED">
         <system-out><![CDATA[2022-07-19 10:18:15 - [TEST_CASE][PASSED] - Test Cases/CPR/1. other-ins_order CPR: Test Cases/CPR/1. other-ins_order CPR

2022-07-19 10:18:16 - [TEST_STEP][PASSED] - token = sendRequest(findTestObject("CPR/get_credential_CPR")): Send request successfully

2022-07-19 10:18:18 - [MESSAGE][INFO] - HAR: C:\Users\User\Katalon Studio\other-ins\Reports\20220719_101803\CPR-order\20220719_101804\requests\main\0.har

2022-07-19 10:18:18 - [MESSAGE][PASSED] - Send request successfully

2022-07-19 10:18:18 - [TEST_STEP][PASSED] - slurper = new groovy.json.JsonSlurper(): null

2022-07-19 10:18:18 - [TEST_STEP][PASSED] - get_token = slurper.parseText(token.getResponseBodyContent()): null

2022-07-19 10:18:18 - [TEST_STEP][PASSED] - private_token = access_token: null

2022-07-19 10:18:18 - [TEST_STEP][PASSED] - g_token = private_token: null

2022-07-19 10:18:19 - [TEST_STEP][PASSED] - println("token is :" + g_token): null

2022-07-19 10:18:19 - [TEST_STEP][PASSED] - response_token = token.getResponseText(): null

2022-07-19 10:18:19 - [TEST_STEP][PASSED] - logInfo($response_token): 
            {
                "token_type": "BearerToken",
                "access_token": "penyrFQpmYPv0ftoJliMng29bZzF",
                "expires_in": "1799",
                "scope": ""
            }
        

2022-07-19 10:18:19 - [MESSAGE][INFO] - 
            {
                "token_type": "BearerToken",
                "access_token": "penyrFQpmYPv0ftoJliMng29bZzF",
                "expires_in": "1799",
                "scope": ""
            }
        

2022-07-19 10:18:19 - [TEST_STEP][PASSED] - order = sendRequest(findTestObject("CPR/other-ins-order_CPR", ["token":private_token, "id":id, "order_date":order_date, "source":source])): Send request successfully

2022-07-19 10:18:19 - [MESSAGE][INFO] - HAR: C:\Users\User\Katalon Studio\other-ins\Reports\20220719_101803\CPR-order\20220719_101804\requests\main\1.har

2022-07-19 10:18:19 - [MESSAGE][PASSED] - Send request successfully

2022-07-19 10:18:19 - [TEST_STEP][PASSED] - get_order = order.getResponseText(): null

2022-07-19 10:18:19 - [TEST_STEP][PASSED] - logInfo($get_order): {
  "OrderInsCarSmartWarrantyRs" : {
    "ResponseHeader" : {
      "StatusCode" : "02",
      "StatusMessage" : "Data Pernah di Order",
      "CurrentPage" : "",
      "TotalPage" : "",
      "TotalData" : ""
    },
    "ListData" : {
      "DataKonsumen" : [ {
        "NoKontrak" : "",
        "NamaKonsumen" : "",
        "Address" : "",
        "Kelurahan" : "",
        "Kecamatan" : "",
        "Kabupaten" : "",
        "Provinsi" : "",
        "PostalCode" : "",
        "StartPolisDate" : "",
        "EndPolisDate" : "",
        "Merk" : "",
        "Type" : "",
        "CarYear" : "",
        "NoRangka" : "",
        "NoMesin" : "",
        "Colour" : "",
        "NoPolisi" : "",
        "Kind" : "",
        "Fuel" : "",
        "NIK" : "",
        "NPWP" : ""
      } ]
    }
  }
}

2022-07-19 10:18:19 - [MESSAGE][INFO] - {
  "OrderInsCarSmartWarrantyRs" : {
    "ResponseHeader" : {
      "StatusCode" : "02",
      "StatusMessage" : "Data Pernah di Order",
      "CurrentPage" : "",
      "TotalPage" : "",
      "TotalData" : ""
    },
    "ListData" : {
      "DataKonsumen" : [ {
        "NoKontrak" : "",
        "NamaKonsumen" : "",
        "Address" : "",
        "Kelurahan" : "",
        "Kecamatan" : "",
        "Kabupaten" : "",
        "Provinsi" : "",
        "PostalCode" : "",
        "StartPolisDate" : "",
        "EndPolisDate" : "",
        "Merk" : "",
        "Type" : "",
        "CarYear" : "",
        "NoRangka" : "",
        "NoMesin" : "",
        "Colour" : "",
        "NoPolisi" : "",
        "Kind" : "",
        "Fuel" : "",
        "NIK" : "",
        "NPWP" : ""
      } ]
    }
  }
}]]></system-out>
         <system-err><![CDATA[]]></system-err>
      </testcase>
      <system-out><![CDATA[2022-07-19 10:18:15 - [TEST_SUITE][PASSED] - CPR-order: Test Cases/CPR/1. other-ins_order CPR]]></system-out>
      <system-err><![CDATA[]]></system-err>
   </testsuite>
</testsuites>
