<?xml version="1.0" encoding="UTF-8"?>
<testsuites name="CFP-feedback" time="9.034" tests="2" failures="0" errors="0">
   <testsuite name="CFP-feedback" tests="2" failures="0" errors="0" time="9.034" skipped="0" timestamp="2022-07-14 14:50:57" hostname="User - DESKTOP-7I3I0GG.mshome.net" id="Test Suites/CFP-feedback">
      <properties>
         <property name="deviceName" value=""/>
         <property name="devicePlatform" value=""/>
         <property name="logFolder" value="C:\\Users\\User\\Katalon Studio\\other-ins\\Reports\\20220714_145044\\CFP-feedback\\20220714_145044"/>
         <property name="logFiles" value="C:\\Users\\User\\Katalon Studio\\other-ins\\Reports\\20220714_145044\\CFP-feedback\\20220714_145044\\execution0.log"/>
         <property name="attachments" value=""/>
         <property name="hostName" value="User - DESKTOP-7I3I0GG.mshome.net"/>
         <property name="hostAddress" value="192.168.137.217"/>
         <property name="os" value="Windows 10 64bit"/>
         <property name="katalonVersion" value="8.1.0.208"/>
      </properties>
      <testcase name="Test Cases/CFP/2. other-ins_feedback CFP" time="6.22" classname="Test Cases/CFP/2. other-ins_feedback CFP" status="PASSED">
         <system-out><![CDATA[2022-07-14 14:50:57 - [TEST_CASE][PASSED] - Test Cases/CFP/2. other-ins_feedback CFP: Test Cases/CFP/2. other-ins_feedback CFP

2022-07-14 14:50:58 - [TEST_STEP][PASSED] - token = sendRequest(findTestObject("CFP/credential CFP")): Send request successfully

2022-07-14 14:51:01 - [MESSAGE][INFO] - HAR: C:\Users\User\Katalon Studio\other-ins\Reports\20220714_145044\CFP-feedback\20220714_145044\requests\main\0.har

2022-07-14 14:51:01 - [MESSAGE][PASSED] - Send request successfully

2022-07-14 14:51:01 - [TEST_STEP][PASSED] - slurper = new groovy.json.JsonSlurper(): null

2022-07-14 14:51:01 - [TEST_STEP][PASSED] - get_token = slurper.parseText(token.getResponseBodyContent()): null

2022-07-14 14:51:01 - [TEST_STEP][PASSED] - private_token = access_token: null

2022-07-14 14:51:01 - [TEST_STEP][PASSED] - g_token = private_token: null

2022-07-14 14:51:01 - [TEST_STEP][PASSED] - println("token is :" + g_token): null

2022-07-14 14:51:01 - [TEST_STEP][PASSED] - response_token = token.getResponseText(): null

2022-07-14 14:51:01 - [TEST_STEP][PASSED] - logInfo($response_token): 
            {
                "token_type": "BearerToken",
                "access_token": "XiLefgLaF68JzcwXwtU32aAOmwt5",
                "expires_in": "1799",
                "scope": ""
            }
        

2022-07-14 14:51:01 - [MESSAGE][INFO] - 
            {
                "token_type": "BearerToken",
                "access_token": "XiLefgLaF68JzcwXwtU32aAOmwt5",
                "expires_in": "1799",
                "scope": ""
            }
        

2022-07-14 14:51:01 - [TEST_STEP][PASSED] - feedback = sendRequest(findTestObject("CFP/feedbackCFP", ["token":private_token, "norangka":norangka, "nokontrak":accno, "noimei":noimei, "nogsm":nogsm, "username":id])): Send request successfully

2022-07-14 14:51:04 - [MESSAGE][INFO] - HAR: C:\Users\User\Katalon Studio\other-ins\Reports\20220714_145044\CFP-feedback\20220714_145044\requests\main\1.har

2022-07-14 14:51:04 - [MESSAGE][PASSED] - Send request successfully

2022-07-14 14:51:04 - [TEST_STEP][PASSED] - verifyElementPropertyValue(feedback, "MessageCode", "000", CONTINUE_ON_FAILURE): Verify element property value successfully

2022-07-14 14:51:04 - [MESSAGE][PASSED] - Verify element property value successfully

2022-07-14 14:51:04 - [TEST_STEP][PASSED] - result_feedback = feedback.getResponseText(): null

2022-07-14 14:51:04 - [TEST_STEP][PASSED] - markPassed("accno : " + accno + " data ke : " + no): accno : 9490712653001 data ke : 1

2022-07-14 14:51:04 - [MESSAGE][PASSED] - accno : 9490712653001 data ke : 1

2022-07-14 14:51:04 - [TEST_STEP][PASSED] - logInfo($result_feedback): {
  "MessageCode" : "000",
  "MessageName" : "Transaction Successfull"
}

2022-07-14 14:51:04 - [MESSAGE][INFO] - {
  "MessageCode" : "000",
  "MessageName" : "Transaction Successfull"
}]]></system-out>
         <system-err><![CDATA[]]></system-err>
      </testcase>
      <testcase name="Test Cases/CFP/2. other-ins_feedback CFP" time="0.901" classname="Test Cases/CFP/2. other-ins_feedback CFP" status="PASSED">
         <system-out><![CDATA[2022-07-14 14:51:04 - [TEST_CASE][PASSED] - Test Cases/CFP/2. other-ins_feedback CFP: Test Cases/CFP/2. other-ins_feedback CFP

2022-07-14 14:51:04 - [TEST_STEP][PASSED] - token = sendRequest(findTestObject("CFP/credential CFP")): Send request successfully

2022-07-14 14:51:04 - [MESSAGE][INFO] - HAR: C:\Users\User\Katalon Studio\other-ins\Reports\20220714_145044\CFP-feedback\20220714_145044\requests\main\2.har

2022-07-14 14:51:04 - [MESSAGE][PASSED] - Send request successfully

2022-07-14 14:51:04 - [TEST_STEP][PASSED] - slurper = new groovy.json.JsonSlurper(): null

2022-07-14 14:51:04 - [TEST_STEP][PASSED] - get_token = slurper.parseText(token.getResponseBodyContent()): null

2022-07-14 14:51:04 - [TEST_STEP][PASSED] - private_token = access_token: null

2022-07-14 14:51:04 - [TEST_STEP][PASSED] - g_token = private_token: null

2022-07-14 14:51:04 - [TEST_STEP][PASSED] - println("token is :" + g_token): null

2022-07-14 14:51:04 - [TEST_STEP][PASSED] - response_token = token.getResponseText(): null

2022-07-14 14:51:04 - [TEST_STEP][PASSED] - logInfo($response_token): 
            {
                "token_type": "BearerToken",
                "access_token": "0LImLbAkv0KQmxT7AEMDJOCy9HCz",
                "expires_in": "1799",
                "scope": ""
            }
        

2022-07-14 14:51:04 - [MESSAGE][INFO] - 
            {
                "token_type": "BearerToken",
                "access_token": "0LImLbAkv0KQmxT7AEMDJOCy9HCz",
                "expires_in": "1799",
                "scope": ""
            }
        

2022-07-14 14:51:04 - [TEST_STEP][PASSED] - feedback = sendRequest(findTestObject("CFP/feedbackCFP", ["token":private_token, "norangka":norangka, "nokontrak":accno, "noimei":noimei, "nogsm":nogsm, "username":id])): Send request successfully

2022-07-14 14:51:05 - [MESSAGE][INFO] - HAR: C:\Users\User\Katalon Studio\other-ins\Reports\20220714_145044\CFP-feedback\20220714_145044\requests\main\3.har

2022-07-14 14:51:05 - [MESSAGE][PASSED] - Send request successfully

2022-07-14 14:51:05 - [TEST_STEP][PASSED] - verifyElementPropertyValue(feedback, "MessageCode", "000", CONTINUE_ON_FAILURE): Verify element property value successfully

2022-07-14 14:51:05 - [MESSAGE][PASSED] - Verify element property value successfully

2022-07-14 14:51:05 - [TEST_STEP][PASSED] - result_feedback = feedback.getResponseText(): null

2022-07-14 14:51:05 - [TEST_STEP][PASSED] - markPassed("accno : " + accno + " data ke : " + no): accno : 9490712657001 data ke : 2

2022-07-14 14:51:05 - [MESSAGE][PASSED] - accno : 9490712657001 data ke : 2

2022-07-14 14:51:05 - [TEST_STEP][PASSED] - logInfo($result_feedback): {
  "MessageCode" : "000",
  "MessageName" : "Transaction Successfull"
}

2022-07-14 14:51:05 - [MESSAGE][INFO] - {
  "MessageCode" : "000",
  "MessageName" : "Transaction Successfull"
}]]></system-out>
         <system-err><![CDATA[]]></system-err>
      </testcase>
      <system-out><![CDATA[2022-07-14 14:50:57 - [TEST_SUITE][PASSED] - CFP-feedback: Test Cases/CFP/2. other-ins_feedback CFP]]></system-out>
      <system-err><![CDATA[]]></system-err>
   </testsuite>
</testsuites>
