<?xml version="1.0" encoding="UTF-8"?>
<testsuites name="TLP-order" time="21.068" tests="1" failures="0" errors="0">
   <testsuite name="TLP-order" tests="1" failures="0" errors="0" time="21.068" skipped="0" timestamp="2022-07-14 14:59:21" hostname="User - DESKTOP-7I3I0GG.mshome.net" id="Test Suites/TLP-order">
      <properties>
         <property name="deviceName" value=""/>
         <property name="devicePlatform" value=""/>
         <property name="logFolder" value="C:\\Users\\User\\Katalon Studio\\other-ins\\Reports\\20220714_145911\\TLP-order\\20220714_145911"/>
         <property name="logFiles" value="C:\\Users\\User\\Katalon Studio\\other-ins\\Reports\\20220714_145911\\TLP-order\\20220714_145911\\execution0.log"/>
         <property name="attachments" value=""/>
         <property name="hostName" value="User - DESKTOP-7I3I0GG.mshome.net"/>
         <property name="hostAddress" value="192.168.137.217"/>
         <property name="os" value="Windows 10 64bit"/>
         <property name="katalonVersion" value="8.1.0.208"/>
      </properties>
      <testcase name="Test Cases/TLP/1. other-ins_order TLP" time="20.018" classname="Test Cases/TLP/1. other-ins_order TLP" status="PASSED">
         <system-out><![CDATA[2022-07-14 14:59:21 - [TEST_CASE][PASSED] - Test Cases/TLP/1. other-ins_order TLP: Test Cases/TLP/1. other-ins_order TLP

2022-07-14 14:59:22 - [TEST_STEP][PASSED] - token = sendRequest(findTestObject("TLP/get_credential TLP")): Send request successfully

2022-07-14 14:59:25 - [MESSAGE][INFO] - HAR: C:\Users\User\Katalon Studio\other-ins\Reports\20220714_145911\TLP-order\20220714_145911\requests\main\0.har

2022-07-14 14:59:25 - [MESSAGE][PASSED] - Send request successfully

2022-07-14 14:59:25 - [TEST_STEP][PASSED] - slurper = new groovy.json.JsonSlurper(): null

2022-07-14 14:59:25 - [TEST_STEP][PASSED] - get_token = slurper.parseText(token.getResponseBodyContent()): null

2022-07-14 14:59:25 - [TEST_STEP][PASSED] - private_token = access_token: null

2022-07-14 14:59:25 - [TEST_STEP][PASSED] - g_token = private_token: null

2022-07-14 14:59:25 - [TEST_STEP][PASSED] - println("token is :" + g_token): null

2022-07-14 14:59:25 - [TEST_STEP][PASSED] - response_token = token.getResponseText(): null

2022-07-14 14:59:25 - [TEST_STEP][PASSED] - logInfo($response_token): 
            {
                "token_type": "BearerToken",
                "access_token": "iIFxVVu0srzflh2EEXjuTZk1LmIV",
                "expires_in": "1799",
                "scope": ""
            }
        

2022-07-14 14:59:25 - [MESSAGE][INFO] - 
            {
                "token_type": "BearerToken",
                "access_token": "iIFxVVu0srzflh2EEXjuTZk1LmIV",
                "expires_in": "1799",
                "scope": ""
            }
        

2022-07-14 14:59:25 - [TEST_STEP][PASSED] - order = sendRequest(findTestObject("TLP/OtherInsOrderTLP", ["token":private_token, "id":id, "maskapai_id":maskapai_id, "source":source, "orderdate":orderdate])): Send request successfully

2022-07-14 14:59:41 - [MESSAGE][INFO] - HAR: C:\Users\User\Katalon Studio\other-ins\Reports\20220714_145911\TLP-order\20220714_145911\requests\main\1.har

2022-07-14 14:59:41 - [MESSAGE][PASSED] - Send request successfully

2022-07-14 14:59:41 - [TEST_STEP][PASSED] - get_order = order.getResponseText(): null

2022-07-14 14:59:41 - [TEST_STEP][PASSED] - logInfo($get_order): <?xml version="1.0" encoding="UTF-8"?>
<err:RestError xmlns:err="http://www.bea.com/wli/sb/errors"><err:errorMessage>OSB Service Callout action received SOAP Fault response</err:errorMessage><err:errorCode>OSB-382500</err:errorCode></err:RestError>

2022-07-14 14:59:41 - [MESSAGE][INFO] - <?xml version="1.0" encoding="UTF-8"?>
<err:RestError xmlns:err="http://www.bea.com/wli/sb/errors"><err:errorMessage>OSB Service Callout action received SOAP Fault response</err:errorMessage><err:errorCode>OSB-382500</err:errorCode></err:RestError>]]></system-out>
         <system-err><![CDATA[]]></system-err>
      </testcase>
      <system-out><![CDATA[2022-07-14 14:59:21 - [TEST_SUITE][PASSED] - TLP-order: Test Cases/TLP/1. other-ins_order TLP]]></system-out>
      <system-err><![CDATA[]]></system-err>
   </testsuite>
</testsuites>
