<?xml version="1.0" encoding="UTF-8"?>
<testsuites name="CFP-order" time="3.61" tests="9" failures="0" errors="0">
   <testsuite name="CFP-order" tests="9" failures="0" errors="0" time="3.61" skipped="0" timestamp="2022-06-16 13:28:45" hostname="flavalize - 10.10.14.106" id="Test Suites/CFP-order">
      <properties>
         <property name="deviceName" value=""/>
         <property name="devicePlatform" value=""/>
         <property name="logFolder" value="/Volumes/Data/app-testing/app-project/other-ins/Reports/20220616_132836/CFP-order/20220616_132836"/>
         <property name="logFiles" value="/Volumes/Data/app-testing/app-project/other-ins/Reports/20220616_132836/CFP-order/20220616_132836/execution0.log"/>
         <property name="attachments" value=""/>
         <property name="hostName" value="flavalize - 10.10.14.106"/>
         <property name="hostAddress" value="10.10.14.106"/>
         <property name="os" value="Mac OS X 64bit"/>
         <property name="katalonVersion" value="8.3.0.208"/>
      </properties>
      <testcase name="Test Cases/CFP/1. other-ins_order CFP" time="1.273" classname="Test Cases/CFP/1. other-ins_order CFP" status="PASSED">
         <system-out><![CDATA[2022-06-16 13:28:46 - [TEST_CASE][PASSED] - Test Cases/CFP/1. other-ins_order CFP: Test Cases/CFP/1. other-ins_order CFP

2022-06-16 13:28:46 - [TEST_STEP][PASSED] - token = sendRequest(findTestObject("CFP/credential CFP")): Send request successfully

2022-06-16 13:28:47 - [MESSAGE][INFO] - HAR: /Volumes/Data/app-testing/app-project/other-ins/Reports/20220616_132836/CFP-order/20220616_132836/requests/main/0.har

2022-06-16 13:28:47 - [MESSAGE][PASSED] - Send request successfully

2022-06-16 13:28:47 - [TEST_STEP][PASSED] - slurper = new groovy.json.JsonSlurper(): null

2022-06-16 13:28:47 - [TEST_STEP][PASSED] - get_token = slurper.parseText(token.getResponseBodyContent()): null

2022-06-16 13:28:47 - [TEST_STEP][PASSED] - private_token = access_token: null

2022-06-16 13:28:47 - [TEST_STEP][PASSED] - g_token = private_token: null

2022-06-16 13:28:47 - [TEST_STEP][PASSED] - println("token is :" + g_token): null

2022-06-16 13:28:47 - [TEST_STEP][PASSED] - response_token = token.getResponseText(): null

2022-06-16 13:28:47 - [TEST_STEP][PASSED] - logInfo($response_token): 
            {
                "token_type": "BearerToken",
                "access_token": "dPywtuK75yAnCiEs9Lram4MYGBCA",
                "expires_in": "1799",
                "scope": ""
            }
        

2022-06-16 13:28:47 - [MESSAGE][INFO] - 
            {
                "token_type": "BearerToken",
                "access_token": "dPywtuK75yAnCiEs9Lram4MYGBCA",
                "expires_in": "1799",
                "scope": ""
            }
        

2022-06-16 13:28:47 - [TEST_STEP][PASSED] - order = sendRequest(findTestObject("CFP/OrderCFP", ["token":private_token, "nokontrak":nokontrak, "custname":custname, "hpnumber":hpnumber, "nopol":nopol, "norangka":norangka, ... ])): Send request successfully

2022-06-16 13:28:47 - [MESSAGE][INFO] - HAR: /Volumes/Data/app-testing/app-project/other-ins/Reports/20220616_132836/CFP-order/20220616_132836/requests/main/1.har

2022-06-16 13:28:47 - [MESSAGE][PASSED] - Send request successfully

2022-06-16 13:28:47 - [TEST_STEP][PASSED] - get_order = order.getResponseText(): null

2022-06-16 13:28:47 - [TEST_STEP][PASSED] - logInfo($get_order): Unauthorized

2022-06-16 13:28:47 - [MESSAGE][INFO] - Unauthorized]]></system-out>
         <system-err><![CDATA[]]></system-err>
      </testcase>
      <testcase name="Test Cases/CFP/1. other-ins_order CFP" time="0.268" classname="Test Cases/CFP/1. other-ins_order CFP" status="PASSED">
         <system-out><![CDATA[2022-06-16 13:28:47 - [TEST_CASE][PASSED] - Test Cases/CFP/1. other-ins_order CFP: Test Cases/CFP/1. other-ins_order CFP

2022-06-16 13:28:47 - [TEST_STEP][PASSED] - token = sendRequest(findTestObject("CFP/credential CFP")): Send request successfully

2022-06-16 13:28:47 - [MESSAGE][INFO] - HAR: /Volumes/Data/app-testing/app-project/other-ins/Reports/20220616_132836/CFP-order/20220616_132836/requests/main/2.har

2022-06-16 13:28:47 - [MESSAGE][PASSED] - Send request successfully

2022-06-16 13:28:47 - [TEST_STEP][PASSED] - slurper = new groovy.json.JsonSlurper(): null

2022-06-16 13:28:47 - [TEST_STEP][PASSED] - get_token = slurper.parseText(token.getResponseBodyContent()): null

2022-06-16 13:28:47 - [TEST_STEP][PASSED] - private_token = access_token: null

2022-06-16 13:28:47 - [TEST_STEP][PASSED] - g_token = private_token: null

2022-06-16 13:28:47 - [TEST_STEP][PASSED] - println("token is :" + g_token): null

2022-06-16 13:28:47 - [TEST_STEP][PASSED] - response_token = token.getResponseText(): null

2022-06-16 13:28:47 - [TEST_STEP][PASSED] - logInfo($response_token): 
            {
                "token_type": "BearerToken",
                "access_token": "XIXaEwTAJ9vAw009wqX6qNoF2XLc",
                "expires_in": "1799",
                "scope": ""
            }
        

2022-06-16 13:28:47 - [MESSAGE][INFO] - 
            {
                "token_type": "BearerToken",
                "access_token": "XIXaEwTAJ9vAw009wqX6qNoF2XLc",
                "expires_in": "1799",
                "scope": ""
            }
        

2022-06-16 13:28:47 - [TEST_STEP][PASSED] - order = sendRequest(findTestObject("CFP/OrderCFP", ["token":private_token, "nokontrak":nokontrak, "custname":custname, "hpnumber":hpnumber, "nopol":nopol, "norangka":norangka, ... ])): Send request successfully

2022-06-16 13:28:47 - [MESSAGE][INFO] - HAR: /Volumes/Data/app-testing/app-project/other-ins/Reports/20220616_132836/CFP-order/20220616_132836/requests/main/3.har

2022-06-16 13:28:47 - [MESSAGE][PASSED] - Send request successfully

2022-06-16 13:28:47 - [TEST_STEP][PASSED] - get_order = order.getResponseText(): null

2022-06-16 13:28:47 - [TEST_STEP][PASSED] - logInfo($get_order): Unauthorized

2022-06-16 13:28:47 - [MESSAGE][INFO] - Unauthorized]]></system-out>
         <system-err><![CDATA[]]></system-err>
      </testcase>
      <testcase name="Test Cases/CFP/1. other-ins_order CFP" time="0.224" classname="Test Cases/CFP/1. other-ins_order CFP" status="PASSED">
         <system-out><![CDATA[2022-06-16 13:28:47 - [TEST_CASE][PASSED] - Test Cases/CFP/1. other-ins_order CFP: Test Cases/CFP/1. other-ins_order CFP

2022-06-16 13:28:47 - [TEST_STEP][PASSED] - token = sendRequest(findTestObject("CFP/credential CFP")): Send request successfully

2022-06-16 13:28:47 - [MESSAGE][INFO] - HAR: /Volumes/Data/app-testing/app-project/other-ins/Reports/20220616_132836/CFP-order/20220616_132836/requests/main/4.har

2022-06-16 13:28:47 - [MESSAGE][PASSED] - Send request successfully

2022-06-16 13:28:47 - [TEST_STEP][PASSED] - slurper = new groovy.json.JsonSlurper(): null

2022-06-16 13:28:47 - [TEST_STEP][PASSED] - get_token = slurper.parseText(token.getResponseBodyContent()): null

2022-06-16 13:28:47 - [TEST_STEP][PASSED] - private_token = access_token: null

2022-06-16 13:28:47 - [TEST_STEP][PASSED] - g_token = private_token: null

2022-06-16 13:28:47 - [TEST_STEP][PASSED] - println("token is :" + g_token): null

2022-06-16 13:28:47 - [TEST_STEP][PASSED] - response_token = token.getResponseText(): null

2022-06-16 13:28:47 - [TEST_STEP][PASSED] - logInfo($response_token): 
            {
                "token_type": "BearerToken",
                "access_token": "cpiQkmiExuISAi7xyCVMI3n2Gx8n",
                "expires_in": "1799",
                "scope": ""
            }
        

2022-06-16 13:28:47 - [MESSAGE][INFO] - 
            {
                "token_type": "BearerToken",
                "access_token": "cpiQkmiExuISAi7xyCVMI3n2Gx8n",
                "expires_in": "1799",
                "scope": ""
            }
        

2022-06-16 13:28:47 - [TEST_STEP][PASSED] - order = sendRequest(findTestObject("CFP/OrderCFP", ["token":private_token, "nokontrak":nokontrak, "custname":custname, "hpnumber":hpnumber, "nopol":nopol, "norangka":norangka, ... ])): Send request successfully

2022-06-16 13:28:48 - [MESSAGE][INFO] - HAR: /Volumes/Data/app-testing/app-project/other-ins/Reports/20220616_132836/CFP-order/20220616_132836/requests/main/5.har

2022-06-16 13:28:48 - [MESSAGE][PASSED] - Send request successfully

2022-06-16 13:28:48 - [TEST_STEP][PASSED] - get_order = order.getResponseText(): null

2022-06-16 13:28:48 - [TEST_STEP][PASSED] - logInfo($get_order): Unauthorized

2022-06-16 13:28:48 - [MESSAGE][INFO] - Unauthorized]]></system-out>
         <system-err><![CDATA[]]></system-err>
      </testcase>
      <testcase name="Test Cases/CFP/1. other-ins_order CFP" time="0.236" classname="Test Cases/CFP/1. other-ins_order CFP" status="PASSED">
         <system-out><![CDATA[2022-06-16 13:28:48 - [TEST_CASE][PASSED] - Test Cases/CFP/1. other-ins_order CFP: Test Cases/CFP/1. other-ins_order CFP

2022-06-16 13:28:48 - [TEST_STEP][PASSED] - token = sendRequest(findTestObject("CFP/credential CFP")): Send request successfully

2022-06-16 13:28:48 - [MESSAGE][INFO] - HAR: /Volumes/Data/app-testing/app-project/other-ins/Reports/20220616_132836/CFP-order/20220616_132836/requests/main/6.har

2022-06-16 13:28:48 - [MESSAGE][PASSED] - Send request successfully

2022-06-16 13:28:48 - [TEST_STEP][PASSED] - slurper = new groovy.json.JsonSlurper(): null

2022-06-16 13:28:48 - [TEST_STEP][PASSED] - get_token = slurper.parseText(token.getResponseBodyContent()): null

2022-06-16 13:28:48 - [TEST_STEP][PASSED] - private_token = access_token: null

2022-06-16 13:28:48 - [TEST_STEP][PASSED] - g_token = private_token: null

2022-06-16 13:28:48 - [TEST_STEP][PASSED] - println("token is :" + g_token): null

2022-06-16 13:28:48 - [TEST_STEP][PASSED] - response_token = token.getResponseText(): null

2022-06-16 13:28:48 - [TEST_STEP][PASSED] - logInfo($response_token): 
            {
                "token_type": "BearerToken",
                "access_token": "rIgrc5OwJobBAH9aMjxKcrfNmap7",
                "expires_in": "1799",
                "scope": ""
            }
        

2022-06-16 13:28:48 - [MESSAGE][INFO] - 
            {
                "token_type": "BearerToken",
                "access_token": "rIgrc5OwJobBAH9aMjxKcrfNmap7",
                "expires_in": "1799",
                "scope": ""
            }
        

2022-06-16 13:28:48 - [TEST_STEP][PASSED] - order = sendRequest(findTestObject("CFP/OrderCFP", ["token":private_token, "nokontrak":nokontrak, "custname":custname, "hpnumber":hpnumber, "nopol":nopol, "norangka":norangka, ... ])): Send request successfully

2022-06-16 13:28:48 - [MESSAGE][INFO] - HAR: /Volumes/Data/app-testing/app-project/other-ins/Reports/20220616_132836/CFP-order/20220616_132836/requests/main/7.har

2022-06-16 13:28:48 - [MESSAGE][PASSED] - Send request successfully

2022-06-16 13:28:48 - [TEST_STEP][PASSED] - get_order = order.getResponseText(): null

2022-06-16 13:28:48 - [TEST_STEP][PASSED] - logInfo($get_order): Unauthorized

2022-06-16 13:28:48 - [MESSAGE][INFO] - Unauthorized]]></system-out>
         <system-err><![CDATA[]]></system-err>
      </testcase>
      <testcase name="Test Cases/CFP/1. other-ins_order CFP" time="0.22" classname="Test Cases/CFP/1. other-ins_order CFP" status="PASSED">
         <system-out><![CDATA[2022-06-16 13:28:48 - [TEST_CASE][PASSED] - Test Cases/CFP/1. other-ins_order CFP: Test Cases/CFP/1. other-ins_order CFP

2022-06-16 13:28:48 - [TEST_STEP][PASSED] - token = sendRequest(findTestObject("CFP/credential CFP")): Send request successfully

2022-06-16 13:28:48 - [MESSAGE][INFO] - HAR: /Volumes/Data/app-testing/app-project/other-ins/Reports/20220616_132836/CFP-order/20220616_132836/requests/main/8.har

2022-06-16 13:28:48 - [MESSAGE][PASSED] - Send request successfully

2022-06-16 13:28:48 - [TEST_STEP][PASSED] - slurper = new groovy.json.JsonSlurper(): null

2022-06-16 13:28:48 - [TEST_STEP][PASSED] - get_token = slurper.parseText(token.getResponseBodyContent()): null

2022-06-16 13:28:48 - [TEST_STEP][PASSED] - private_token = access_token: null

2022-06-16 13:28:48 - [TEST_STEP][PASSED] - g_token = private_token: null

2022-06-16 13:28:48 - [TEST_STEP][PASSED] - println("token is :" + g_token): null

2022-06-16 13:28:48 - [TEST_STEP][PASSED] - response_token = token.getResponseText(): null

2022-06-16 13:28:48 - [TEST_STEP][PASSED] - logInfo($response_token): 
            {
                "token_type": "BearerToken",
                "access_token": "ByuukmcWbV73Bc94nAuk4BVOXWK4",
                "expires_in": "1799",
                "scope": ""
            }
        

2022-06-16 13:28:48 - [MESSAGE][INFO] - 
            {
                "token_type": "BearerToken",
                "access_token": "ByuukmcWbV73Bc94nAuk4BVOXWK4",
                "expires_in": "1799",
                "scope": ""
            }
        

2022-06-16 13:28:48 - [TEST_STEP][PASSED] - order = sendRequest(findTestObject("CFP/OrderCFP", ["token":private_token, "nokontrak":nokontrak, "custname":custname, "hpnumber":hpnumber, "nopol":nopol, "norangka":norangka, ... ])): Send request successfully

2022-06-16 13:28:48 - [MESSAGE][INFO] - HAR: /Volumes/Data/app-testing/app-project/other-ins/Reports/20220616_132836/CFP-order/20220616_132836/requests/main/9.har

2022-06-16 13:28:48 - [MESSAGE][PASSED] - Send request successfully

2022-06-16 13:28:48 - [TEST_STEP][PASSED] - get_order = order.getResponseText(): null

2022-06-16 13:28:48 - [TEST_STEP][PASSED] - logInfo($get_order): Unauthorized

2022-06-16 13:28:48 - [MESSAGE][INFO] - Unauthorized]]></system-out>
         <system-err><![CDATA[]]></system-err>
      </testcase>
      <testcase name="Test Cases/CFP/1. other-ins_order CFP" time="0.205" classname="Test Cases/CFP/1. other-ins_order CFP" status="PASSED">
         <system-out><![CDATA[2022-06-16 13:28:48 - [TEST_CASE][PASSED] - Test Cases/CFP/1. other-ins_order CFP: Test Cases/CFP/1. other-ins_order CFP

2022-06-16 13:28:48 - [TEST_STEP][PASSED] - token = sendRequest(findTestObject("CFP/credential CFP")): Send request successfully

2022-06-16 13:28:48 - [MESSAGE][INFO] - HAR: /Volumes/Data/app-testing/app-project/other-ins/Reports/20220616_132836/CFP-order/20220616_132836/requests/main/10.har

2022-06-16 13:28:48 - [MESSAGE][PASSED] - Send request successfully

2022-06-16 13:28:48 - [TEST_STEP][PASSED] - slurper = new groovy.json.JsonSlurper(): null

2022-06-16 13:28:48 - [TEST_STEP][PASSED] - get_token = slurper.parseText(token.getResponseBodyContent()): null

2022-06-16 13:28:48 - [TEST_STEP][PASSED] - private_token = access_token: null

2022-06-16 13:28:48 - [TEST_STEP][PASSED] - g_token = private_token: null

2022-06-16 13:28:48 - [TEST_STEP][PASSED] - println("token is :" + g_token): null

2022-06-16 13:28:48 - [TEST_STEP][PASSED] - response_token = token.getResponseText(): null

2022-06-16 13:28:48 - [TEST_STEP][PASSED] - logInfo($response_token): 
            {
                "token_type": "BearerToken",
                "access_token": "O7W2rGUR4GIDAfkxHHNtbAV194cM",
                "expires_in": "1799",
                "scope": ""
            }
        

2022-06-16 13:28:48 - [MESSAGE][INFO] - 
            {
                "token_type": "BearerToken",
                "access_token": "O7W2rGUR4GIDAfkxHHNtbAV194cM",
                "expires_in": "1799",
                "scope": ""
            }
        

2022-06-16 13:28:48 - [TEST_STEP][PASSED] - order = sendRequest(findTestObject("CFP/OrderCFP", ["token":private_token, "nokontrak":nokontrak, "custname":custname, "hpnumber":hpnumber, "nopol":nopol, "norangka":norangka, ... ])): Send request successfully

2022-06-16 13:28:48 - [MESSAGE][INFO] - HAR: /Volumes/Data/app-testing/app-project/other-ins/Reports/20220616_132836/CFP-order/20220616_132836/requests/main/11.har

2022-06-16 13:28:48 - [MESSAGE][PASSED] - Send request successfully

2022-06-16 13:28:48 - [TEST_STEP][PASSED] - get_order = order.getResponseText(): null

2022-06-16 13:28:48 - [TEST_STEP][PASSED] - logInfo($get_order): Unauthorized

2022-06-16 13:28:48 - [MESSAGE][INFO] - Unauthorized]]></system-out>
         <system-err><![CDATA[]]></system-err>
      </testcase>
      <testcase name="Test Cases/CFP/1. other-ins_order CFP" time="0.204" classname="Test Cases/CFP/1. other-ins_order CFP" status="PASSED">
         <system-out><![CDATA[2022-06-16 13:28:48 - [TEST_CASE][PASSED] - Test Cases/CFP/1. other-ins_order CFP: Test Cases/CFP/1. other-ins_order CFP

2022-06-16 13:28:48 - [TEST_STEP][PASSED] - token = sendRequest(findTestObject("CFP/credential CFP")): Send request successfully

2022-06-16 13:28:48 - [MESSAGE][INFO] - HAR: /Volumes/Data/app-testing/app-project/other-ins/Reports/20220616_132836/CFP-order/20220616_132836/requests/main/12.har

2022-06-16 13:28:48 - [MESSAGE][PASSED] - Send request successfully

2022-06-16 13:28:48 - [TEST_STEP][PASSED] - slurper = new groovy.json.JsonSlurper(): null

2022-06-16 13:28:48 - [TEST_STEP][PASSED] - get_token = slurper.parseText(token.getResponseBodyContent()): null

2022-06-16 13:28:48 - [TEST_STEP][PASSED] - private_token = access_token: null

2022-06-16 13:28:48 - [TEST_STEP][PASSED] - g_token = private_token: null

2022-06-16 13:28:48 - [TEST_STEP][PASSED] - println("token is :" + g_token): null

2022-06-16 13:28:48 - [TEST_STEP][PASSED] - response_token = token.getResponseText(): null

2022-06-16 13:28:48 - [TEST_STEP][PASSED] - logInfo($response_token): 
            {
                "token_type": "BearerToken",
                "access_token": "wDd8t7GfKSldgjBNL4s0tSpwcANs",
                "expires_in": "1799",
                "scope": ""
            }
        

2022-06-16 13:28:48 - [MESSAGE][INFO] - 
            {
                "token_type": "BearerToken",
                "access_token": "wDd8t7GfKSldgjBNL4s0tSpwcANs",
                "expires_in": "1799",
                "scope": ""
            }
        

2022-06-16 13:28:48 - [TEST_STEP][PASSED] - order = sendRequest(findTestObject("CFP/OrderCFP", ["token":private_token, "nokontrak":nokontrak, "custname":custname, "hpnumber":hpnumber, "nopol":nopol, "norangka":norangka, ... ])): Send request successfully

2022-06-16 13:28:49 - [MESSAGE][INFO] - HAR: /Volumes/Data/app-testing/app-project/other-ins/Reports/20220616_132836/CFP-order/20220616_132836/requests/main/13.har

2022-06-16 13:28:49 - [MESSAGE][PASSED] - Send request successfully

2022-06-16 13:28:49 - [TEST_STEP][PASSED] - get_order = order.getResponseText(): null

2022-06-16 13:28:49 - [TEST_STEP][PASSED] - logInfo($get_order): Unauthorized

2022-06-16 13:28:49 - [MESSAGE][INFO] - Unauthorized]]></system-out>
         <system-err><![CDATA[]]></system-err>
      </testcase>
      <testcase name="Test Cases/CFP/1. other-ins_order CFP" time="0.222" classname="Test Cases/CFP/1. other-ins_order CFP" status="PASSED">
         <system-out><![CDATA[2022-06-16 13:28:49 - [TEST_CASE][PASSED] - Test Cases/CFP/1. other-ins_order CFP: Test Cases/CFP/1. other-ins_order CFP

2022-06-16 13:28:49 - [TEST_STEP][PASSED] - token = sendRequest(findTestObject("CFP/credential CFP")): Send request successfully

2022-06-16 13:28:49 - [MESSAGE][INFO] - HAR: /Volumes/Data/app-testing/app-project/other-ins/Reports/20220616_132836/CFP-order/20220616_132836/requests/main/14.har

2022-06-16 13:28:49 - [MESSAGE][PASSED] - Send request successfully

2022-06-16 13:28:49 - [TEST_STEP][PASSED] - slurper = new groovy.json.JsonSlurper(): null

2022-06-16 13:28:49 - [TEST_STEP][PASSED] - get_token = slurper.parseText(token.getResponseBodyContent()): null

2022-06-16 13:28:49 - [TEST_STEP][PASSED] - private_token = access_token: null

2022-06-16 13:28:49 - [TEST_STEP][PASSED] - g_token = private_token: null

2022-06-16 13:28:49 - [TEST_STEP][PASSED] - println("token is :" + g_token): null

2022-06-16 13:28:49 - [TEST_STEP][PASSED] - response_token = token.getResponseText(): null

2022-06-16 13:28:49 - [TEST_STEP][PASSED] - logInfo($response_token): 
            {
                "token_type": "BearerToken",
                "access_token": "LmsDvAyYr3dGgazCjeTgzgbU19Mc",
                "expires_in": "1799",
                "scope": ""
            }
        

2022-06-16 13:28:49 - [MESSAGE][INFO] - 
            {
                "token_type": "BearerToken",
                "access_token": "LmsDvAyYr3dGgazCjeTgzgbU19Mc",
                "expires_in": "1799",
                "scope": ""
            }
        

2022-06-16 13:28:49 - [TEST_STEP][PASSED] - order = sendRequest(findTestObject("CFP/OrderCFP", ["token":private_token, "nokontrak":nokontrak, "custname":custname, "hpnumber":hpnumber, "nopol":nopol, "norangka":norangka, ... ])): Send request successfully

2022-06-16 13:28:49 - [MESSAGE][INFO] - HAR: /Volumes/Data/app-testing/app-project/other-ins/Reports/20220616_132836/CFP-order/20220616_132836/requests/main/15.har

2022-06-16 13:28:49 - [MESSAGE][PASSED] - Send request successfully

2022-06-16 13:28:49 - [TEST_STEP][PASSED] - get_order = order.getResponseText(): null

2022-06-16 13:28:49 - [TEST_STEP][PASSED] - logInfo($get_order): Unauthorized

2022-06-16 13:28:49 - [MESSAGE][INFO] - Unauthorized]]></system-out>
         <system-err><![CDATA[]]></system-err>
      </testcase>
      <testcase name="Test Cases/CFP/1. other-ins_order CFP" time="0.199" classname="Test Cases/CFP/1. other-ins_order CFP" status="PASSED">
         <system-out><![CDATA[2022-06-16 13:28:49 - [TEST_CASE][PASSED] - Test Cases/CFP/1. other-ins_order CFP: Test Cases/CFP/1. other-ins_order CFP

2022-06-16 13:28:49 - [TEST_STEP][PASSED] - token = sendRequest(findTestObject("CFP/credential CFP")): Send request successfully

2022-06-16 13:28:49 - [MESSAGE][INFO] - HAR: /Volumes/Data/app-testing/app-project/other-ins/Reports/20220616_132836/CFP-order/20220616_132836/requests/main/16.har

2022-06-16 13:28:49 - [MESSAGE][PASSED] - Send request successfully

2022-06-16 13:28:49 - [TEST_STEP][PASSED] - slurper = new groovy.json.JsonSlurper(): null

2022-06-16 13:28:49 - [TEST_STEP][PASSED] - get_token = slurper.parseText(token.getResponseBodyContent()): null

2022-06-16 13:28:49 - [TEST_STEP][PASSED] - private_token = access_token: null

2022-06-16 13:28:49 - [TEST_STEP][PASSED] - g_token = private_token: null

2022-06-16 13:28:49 - [TEST_STEP][PASSED] - println("token is :" + g_token): null

2022-06-16 13:28:49 - [TEST_STEP][PASSED] - response_token = token.getResponseText(): null

2022-06-16 13:28:49 - [TEST_STEP][PASSED] - logInfo($response_token): 
            {
                "token_type": "BearerToken",
                "access_token": "9fAt7lBofiGavnG0FTvIvnSEdY8c",
                "expires_in": "1799",
                "scope": ""
            }
        

2022-06-16 13:28:49 - [MESSAGE][INFO] - 
            {
                "token_type": "BearerToken",
                "access_token": "9fAt7lBofiGavnG0FTvIvnSEdY8c",
                "expires_in": "1799",
                "scope": ""
            }
        

2022-06-16 13:28:49 - [TEST_STEP][PASSED] - order = sendRequest(findTestObject("CFP/OrderCFP", ["token":private_token, "nokontrak":nokontrak, "custname":custname, "hpnumber":hpnumber, "nopol":nopol, "norangka":norangka, ... ])): Send request successfully

2022-06-16 13:28:49 - [MESSAGE][INFO] - HAR: /Volumes/Data/app-testing/app-project/other-ins/Reports/20220616_132836/CFP-order/20220616_132836/requests/main/17.har

2022-06-16 13:28:49 - [MESSAGE][PASSED] - Send request successfully

2022-06-16 13:28:49 - [TEST_STEP][PASSED] - get_order = order.getResponseText(): null

2022-06-16 13:28:49 - [TEST_STEP][PASSED] - logInfo($get_order): Unauthorized

2022-06-16 13:28:49 - [MESSAGE][INFO] - Unauthorized]]></system-out>
         <system-err><![CDATA[]]></system-err>
      </testcase>
      <system-out><![CDATA[2022-06-16 13:28:45 - [TEST_SUITE][PASSED] - CFP-order: Test Cases/CFP/1. other-ins_order CFP]]></system-out>
      <system-err><![CDATA[]]></system-err>
   </testsuite>
</testsuites>
