<?xml version="1.0" encoding="UTF-8"?>
<testsuites name="CPR-feedback" time="6.135" tests="1" failures="0" errors="0">
   <testsuite name="CPR-feedback" tests="1" failures="0" errors="0" time="6.135" skipped="0" timestamp="2022-07-19 09:54:41" hostname="User - DESKTOP-7I3I0GG" id="Test Suites/CPR-feedback">
      <properties>
         <property name="deviceName" value=""/>
         <property name="devicePlatform" value=""/>
         <property name="logFolder" value="C:\\Users\\User\\Katalon Studio\\other-ins\\Reports\\20220719_095431\\CPR-feedback\\20220719_095431"/>
         <property name="logFiles" value="C:\\Users\\User\\Katalon Studio\\other-ins\\Reports\\20220719_095431\\CPR-feedback\\20220719_095431\\execution0.log"/>
         <property name="attachments" value=""/>
         <property name="hostName" value="User - DESKTOP-7I3I0GG"/>
         <property name="hostAddress" value="192.168.250.7"/>
         <property name="os" value="Windows 10 64bit"/>
         <property name="katalonVersion" value="8.1.0.208"/>
      </properties>
      <testcase name="Test Cases/CPR/2. other-ins_feedback CPR" time="4.169" classname="Test Cases/CPR/2. other-ins_feedback CPR" status="PASSED">
         <system-out><![CDATA[2022-07-19 09:54:41 - [TEST_CASE][PASSED] - Test Cases/CPR/2. other-ins_feedback CPR: Test Cases/CPR/2. other-ins_feedback CPR

2022-07-19 09:54:42 - [TEST_STEP][PASSED] - token = sendRequest(findTestObject("CPR/get_credential_CPR")): Send request successfully

2022-07-19 09:54:44 - [MESSAGE][INFO] - HAR: C:\Users\User\Katalon Studio\other-ins\Reports\20220719_095431\CPR-feedback\20220719_095431\requests\main\0.har

2022-07-19 09:54:44 - [MESSAGE][PASSED] - Send request successfully

2022-07-19 09:54:44 - [TEST_STEP][PASSED] - slurper = new groovy.json.JsonSlurper(): null

2022-07-19 09:54:44 - [TEST_STEP][PASSED] - get_token = slurper.parseText(token.getResponseBodyContent()): null

2022-07-19 09:54:44 - [TEST_STEP][PASSED] - private_token = access_token: null

2022-07-19 09:54:44 - [TEST_STEP][PASSED] - g_token = private_token: null

2022-07-19 09:54:44 - [TEST_STEP][PASSED] - println("token is :" + g_token): null

2022-07-19 09:54:44 - [TEST_STEP][PASSED] - response_token = token.getResponseText(): null

2022-07-19 09:54:44 - [TEST_STEP][PASSED] - logInfo($response_token): 
            {
                "token_type": "BearerToken",
                "access_token": "IQXhFIjnzXo3yWVnUiMlSW1eBvA6",
                "expires_in": "1799",
                "scope": ""
            }
        

2022-07-19 09:54:44 - [MESSAGE][INFO] - 
            {
                "token_type": "BearerToken",
                "access_token": "IQXhFIjnzXo3yWVnUiMlSW1eBvA6",
                "expires_in": "1799",
                "scope": ""
            }
        

2022-07-19 09:54:44 - [TEST_STEP][PASSED] - feedback = sendRequest(findTestObject("CPR/other-ins-feedback_CPR", ["token":private_token, "id":id, "order_date":order_date, "source":source, "accno":accno, "nopolis":nopolis])): Send request successfully

2022-07-19 09:54:45 - [MESSAGE][INFO] - HAR: C:\Users\User\Katalon Studio\other-ins\Reports\20220719_095431\CPR-feedback\20220719_095431\requests\main\1.har

2022-07-19 09:54:45 - [MESSAGE][PASSED] - Send request successfully

2022-07-19 09:54:45 - [TEST_STEP][PASSED] - verifyElementPropertyValue(feedback, "FeedbackOrderInsCarWarrantyRs.StatusCode", "00", CONTINUE_ON_FAILURE): Verify element property value successfully

2022-07-19 09:54:45 - [MESSAGE][PASSED] - Verify element property value successfully

2022-07-19 09:54:45 - [TEST_STEP][PASSED] - result_feedback = feedback.getResponseText(): null

2022-07-19 09:54:45 - [TEST_STEP][PASSED] - markPassed("order date " + order_date + " data ke : " + no): order date 2022-07-18 data ke : 1

2022-07-19 09:54:45 - [MESSAGE][PASSED] - order date 2022-07-18 data ke : 1

2022-07-19 09:54:45 - [TEST_STEP][PASSED] - logInfo($result_feedback): {
  "FeedbackOrderInsCarWarrantyRs" : {
    "StatusCode" : "00",
    "StatusMessage" : "No Polis berhasil diterima"
  }
}

2022-07-19 09:54:45 - [MESSAGE][INFO] - {
  "FeedbackOrderInsCarWarrantyRs" : {
    "StatusCode" : "00",
    "StatusMessage" : "No Polis berhasil diterima"
  }
}]]></system-out>
         <system-err><![CDATA[]]></system-err>
      </testcase>
      <system-out><![CDATA[2022-07-19 09:54:41 - [TEST_SUITE][PASSED] - CPR-feedback: Test Cases/CPR/2. other-ins_feedback CPR]]></system-out>
      <system-err><![CDATA[]]></system-err>
   </testsuite>
</testsuites>
