<?xml version="1.0" encoding="UTF-8"?>
<testsuites name="CPR-order" time="2.269" tests="1" failures="0" errors="0">
   <testsuite name="CPR-order" tests="1" failures="0" errors="0" time="2.269" skipped="0" timestamp="2022-06-15 14:16:24" hostname="flavalize - localhost" id="Test Suites/CPR-order">
      <properties>
         <property name="deviceName" value=""/>
         <property name="devicePlatform" value=""/>
         <property name="logFolder" value="/Volumes/Data/app-testing/app-project/other-ins/Reports/20220615_141612/CPR-order/20220615_141614"/>
         <property name="logFiles" value="/Volumes/Data/app-testing/app-project/other-ins/Reports/20220615_141612/CPR-order/20220615_141614/execution0.log"/>
         <property name="attachments" value=""/>
         <property name="hostName" value="flavalize - localhost"/>
         <property name="hostAddress" value="127.0.0.1"/>
         <property name="os" value="Mac OS X 64bit"/>
         <property name="katalonVersion" value="8.3.0.208"/>
      </properties>
      <testcase name="Test Cases/CPR/1. other-ins_order CPR" time="2.094" classname="Test Cases/CPR/1. other-ins_order CPR" status="PASSED">
         <system-out><![CDATA[2022-06-15 14:16:24 - [TEST_CASE][PASSED] - Test Cases/CPR/1. other-ins_order CPR: Test Cases/CPR/1. other-ins_order CPR

2022-06-15 14:16:24 - [TEST_STEP][PASSED] - token = sendRequest(findTestObject("CPR/get_credential_CPR")): Send request successfully

2022-06-15 14:16:25 - [MESSAGE][INFO] - HAR: /Volumes/Data/app-testing/app-project/other-ins/Reports/20220615_141612/CPR-order/20220615_141614/requests/main/0.har

2022-06-15 14:16:25 - [MESSAGE][PASSED] - Send request successfully

2022-06-15 14:16:25 - [TEST_STEP][PASSED] - slurper = new groovy.json.JsonSlurper(): null

2022-06-15 14:16:25 - [TEST_STEP][PASSED] - get_token = slurper.parseText(token.getResponseBodyContent()): null

2022-06-15 14:16:25 - [TEST_STEP][PASSED] - private_token = access_token: null

2022-06-15 14:16:25 - [TEST_STEP][PASSED] - g_token = private_token: null

2022-06-15 14:16:25 - [TEST_STEP][PASSED] - println("token is :" + g_token): null

2022-06-15 14:16:25 - [TEST_STEP][PASSED] - response_token = token.getResponseText(): null

2022-06-15 14:16:25 - [TEST_STEP][PASSED] - logInfo($response_token): 
            {
                "token_type": "BearerToken",
                "access_token": "GOA5AzMTtlzWeLWppq1Q5ZelAOQ4",
                "expires_in": "1799",
                "scope": ""
            }
        

2022-06-15 14:16:25 - [MESSAGE][INFO] - 
            {
                "token_type": "BearerToken",
                "access_token": "GOA5AzMTtlzWeLWppq1Q5ZelAOQ4",
                "expires_in": "1799",
                "scope": ""
            }
        

2022-06-15 14:16:25 - [TEST_STEP][PASSED] - order = sendRequest(findTestObject("CPR/other-ins-order_CPR", ["token":private_token, "id":id, "order_date":order_date, "source":source])): Send request successfully

2022-06-15 14:16:26 - [MESSAGE][INFO] - HAR: /Volumes/Data/app-testing/app-project/other-ins/Reports/20220615_141612/CPR-order/20220615_141614/requests/main/1.har

2022-06-15 14:16:26 - [MESSAGE][PASSED] - Send request successfully

2022-06-15 14:16:26 - [TEST_STEP][PASSED] - get_order = order.getResponseText(): null

2022-06-15 14:16:26 - [TEST_STEP][PASSED] - logInfo($get_order): {
  "OrderInsCarSmartWarrantyRs" : {
    "ResponseHeader" : {
      "StatusCode" : "",
      "StatusMessage" : "",
      "CurrentPage" : "",
      "TotalPage" : "",
      "TotalData" : ""
    },
    "ListData" : ""
  }
}

2022-06-15 14:16:26 - [MESSAGE][INFO] - {
  "OrderInsCarSmartWarrantyRs" : {
    "ResponseHeader" : {
      "StatusCode" : "",
      "StatusMessage" : "",
      "CurrentPage" : "",
      "TotalPage" : "",
      "TotalData" : ""
    },
    "ListData" : ""
  }
}]]></system-out>
         <system-err><![CDATA[]]></system-err>
      </testcase>
      <system-out><![CDATA[2022-06-15 14:16:24 - [TEST_SUITE][PASSED] - CPR-order: Test Cases/CPR/1. other-ins_order CPR]]></system-out>
      <system-err><![CDATA[]]></system-err>
   </testsuite>
</testsuites>
